Arguments: 
  /home/rvernaes/miniconda3/envs/jupyterlab-ext/bin/node /tmp/pip-build-env-qu5b5tgw/overlay/lib/python3.9/site-packages/jupyterlab/staging/yarn.js install

PATH: 
  /tmp/pip-build-env-qu5b5tgw/overlay/bin:/tmp/pip-build-env-qu5b5tgw/normal/bin:/home/rvernaes/miniconda3/envs/jupyterlab-ext/bin:/home/rvernaes/miniconda3/condabin:/home/rvernaes/google-cloud-sdk/bin:/home/rvernaes/.kubectx:/usr/local/sbin:/usr/local/bin:/usr/sbin:/usr/bin:/sbin:/bin:/usr/games:/usr/local/games:/mnt/c/Program Files/WindowsApps/CanonicalGroupLimited.UbuntuonWindows_2004.2020.812.0_x64__79rhkp1fndgsc:/mnt/c/Program Files (x86)/Common Files/Oracle/Java/javapath:/mnt/c/Windows/system32:/mnt/c/Windows:/mnt/c/Windows/System32/Wbem:/mnt/c/Windows/System32/WindowsPowerShell/v1.0:/mnt/c/Windows/CCM:/mnt/c/Program Files (x86)/Intel/Intel(R) Management Engine Components/DAL:/mnt/c/Program Files/Intel/Intel(R) Management Engine Components/DAL:/mnt/c/WINDOWS/system32:/mnt/c/WINDOWS:/mnt/c/WINDOWS/System32/Wbem:/mnt/c/WINDOWS/System32/WindowsPowerShell/v1.0:/mnt/c/WINDOWS/System32/OpenSSH:/mnt/c/Program Files/Git/cmd:/mnt/c/Program Files/Docker/Docker/resources/bin:/mnt/c/ProgramData/DockerDesktop/version-bin:/mnt/c/Program Files/nodejs:/mnt/c/ProgramData/chocolatey/bin:/mnt/c/Users/rvernaes/AppData/Local/Microsoft/WindowsApps:/mnt/c/Program Files/Kubernetes/Minikube:/mnt/c/Users/rvernaes/AppData/Local/Programs/Microsoft VS Code Insiders/bin:/mnt/c/Users/rvernaes/AppData/Roaming/npm:/mnt/c/Users/rvernaes/Miniconda3:/snap/bin#kubectx:/home/rvernaes/istio-1.8.1/bin

Yarn version: 
  1.21.1

Node version: 
  15.3.0

Platform: 
  linux x64

Trace: 
  Error: connect EHOSTUNREACH 104.16.21.35:443
      at TCPConnectWrap.afterConnect [as oncomplete] (node:net:1133:16)

npm manifest: 
  {
    "name": "jupyterlab_apod",
    "version": "0.1.0",
    "description": "Show a random NASA Astronomy Picture of the Day in a JupyterLab panel",
    "keywords": [
      "jupyter",
      "jupyterlab",
      "jupyterlab-extension"
    ],
    "homepage": "https://github.com/rvernaeshv/jupyterlab_apod",
    "bugs": {
      "url": "https://github.com/rvernaeshv/jupyterlab_apod/issues"
    },
    "license": "BSD-3-Clause",
    "author": "Ronye Vernaes",
    "files": [
      "lib/**/*.{d.ts,eot,gif,html,jpg,js,js.map,json,png,svg,woff2,ttf}",
      "style/**/*.{css,.js,eot,gif,html,jpg,json,png,svg,woff2,ttf}"
    ],
    "main": "lib/index.js",
    "types": "lib/index.d.ts",
    "style": "style/index.css",
    "repository": {
      "type": "git",
      "url": "https://github.com/rvernaeshv/jupyterlab_apod.git"
    },
    "scripts": {
      "build": "jlpm run build:lib && jlpm run build:labextension:dev",
      "build:prod": "jlpm run build:lib && jlpm run build:labextension",
      "build:labextension": "jupyter labextension build .",
      "build:labextension:dev": "jupyter labextension build --development True .",
      "build:lib": "tsc",
      "clean": "jlpm run clean:lib",
      "clean:lib": "rimraf lib tsconfig.tsbuildinfo",
      "clean:labextension": "rimraf jupyterlab_apod/labextension",
      "clean:all": "jlpm run clean:lib && jlpm run clean:labextension",
      "eslint": "eslint . --ext .ts,.tsx --fix",
      "eslint:check": "eslint . --ext .ts,.tsx",
      "install:extension": "jupyter labextension develop --overwrite .",
      "prepare": "jlpm run clean && jlpm run build:prod",
      "watch": "run-p watch:src watch:labextension",
      "watch:src": "tsc -w",
      "watch:labextension": "jupyter labextension watch ."
    },
    "dependencies": {
      "@jupyterlab/application": "^3.0.0"
    },
    "devDependencies": {
      "@jupyterlab/builder": "^3.0.0",
      "@typescript-eslint/eslint-plugin": "^4.8.1",
      "@typescript-eslint/parser": "^4.8.1",
      "eslint": "^7.14.0",
      "eslint-config-prettier": "^6.15.0",
      "eslint-plugin-prettier": "^3.1.4", 
      "npm-run-all": "^4.1.5",
      "prettier": "^2.1.1",
      "rimraf": "^3.0.2",
      "typescript": "~4.1.3"
    },
    "sideEffects": [
      "style/*.css",
      "style/index.js"
    ],
    "styleModule": "style/index.js",
    "jupyterlab": { 
      "extension": true,
      "outputDir": "jupyterlab_apod/labextension"
    }
  }

yarn manifest: 
  No manifest

Lockfile: 
  No lockfile
